<?xml version="1.0" encoding="UTF-8"?>
<testng-results skipped="0" failed="0" ignored="0" total="1" passed="1">
  <reporter-output>
  </reporter-output>
  <suite name="Suite" duration-ms="16362" started-at="2019-10-08T06:36:37 IST" finished-at="2019-10-08T06:36:53 IST">
    <groups>
    </groups>
    <test name="Test" duration-ms="16362" started-at="2019-10-08T06:36:37 IST" finished-at="2019-10-08T06:36:53 IST">
      <class name="scripts.TestValidLoginAsAdmin">
        <test-method status="PASS" signature="initializeBrowsers()[pri:0, instance:scripts.TestValidLoginAsAdmin@65e2dbf3]" name="initializeBrowsers" is-config="true" duration-ms="29" started-at="2019-10-08T06:36:37 IST" finished-at="2019-10-08T06:36:37 IST">
          <reporter-output>
          </reporter-output>
        </test-method> <!-- initializeBrowsers -->
        <test-method status="PASS" signature="openTheBrowser()[pri:0, instance:scripts.TestValidLoginAsAdmin@65e2dbf3]" name="openTheBrowser" is-config="true" duration-ms="15001" started-at="2019-10-08T06:36:37 IST" finished-at="2019-10-08T06:36:52 IST">
          <reporter-output>
          </reporter-output>
        </test-method> <!-- openTheBrowser -->
        <test-method status="PASS" signature="testValidLogin()[pri:0, instance:scripts.TestValidLoginAsAdmin@65e2dbf3]" name="testValidLogin" duration-ms="1170" started-at="2019-10-08T06:36:52 IST" finished-at="2019-10-08T06:36:53 IST">
          <reporter-output>
          </reporter-output>
        </test-method> <!-- testValidLogin -->
        <test-method status="PASS" signature="closeTheBrowser()[pri:0, instance:scripts.TestValidLoginAsAdmin@65e2dbf3]" name="closeTheBrowser" is-config="true" duration-ms="151" started-at="2019-10-08T06:36:53 IST" finished-at="2019-10-08T06:36:53 IST">
          <reporter-output>
          </reporter-output>
        </test-method> <!-- closeTheBrowser -->
      </class> <!-- scripts.TestValidLoginAsAdmin -->
    </test> <!-- Test -->
  </suite> <!-- Suite -->
</testng-results>
