<?xml version="1.0" encoding="UTF-8"?>
<testng-results skipped="0" failed="0" ignored="0" total="4" passed="4">
  <reporter-output>
  </reporter-output>
  <suite name="Suite" duration-ms="67169" started-at="2020-01-10T02:36:16 IST" finished-at="2020-01-10T02:37:23 IST">
    <groups>
    </groups>
    <test name="Test" duration-ms="67169" started-at="2020-01-10T02:36:16 IST" finished-at="2020-01-10T02:37:23 IST">
      <class name="scripts.LoginPageTest">
        <test-method status="PASS" signature="initializeBrowsers()[pri:0, instance:scripts.LoginPageTest@1786dec2]" name="initializeBrowsers" is-config="true" duration-ms="31" started-at="2020-01-10T02:36:16 IST" finished-at="2020-01-10T02:36:16 IST">
          <reporter-output>
          </reporter-output>
        </test-method> <!-- initializeBrowsers -->
        <test-method status="PASS" signature="openTheBrowser(java.lang.String)[pri:0, instance:scripts.LoginPageTest@1786dec2]" name="openTheBrowser" is-config="true" duration-ms="14851" started-at="2020-01-10T02:36:16 IST" finished-at="2020-01-10T02:36:31 IST">
          <params>
            <param index="0">
              <value>
                <![CDATA[chrome]]>
              </value>
            </param>
          </params>
          <reporter-output>
          </reporter-output>
        </test-method> <!-- openTheBrowser -->
        <test-method status="PASS" signature="testValidLogin(java.lang.String, java.lang.String)[pri:1, instance:scripts.LoginPageTest@1786dec2]" name="testValidLogin" duration-ms="463" started-at="2020-01-10T02:36:31 IST" data-provider="getDataFromValidLogin" finished-at="2020-01-10T02:36:32 IST">
          <params>
            <param index="0">
              <value>
                <![CDATA[admin]]>
              </value>
            </param>
            <param index="1">
              <value>
                <![CDATA[manager]]>
              </value>
            </param>
          </params>
          <reporter-output>
          </reporter-output>
        </test-method> <!-- testValidLogin -->
        <test-method status="PASS" signature="closeTheBrowser(org.testng.ITestResult)[pri:0, instance:scripts.LoginPageTest@1786dec2]" name="closeTheBrowser" is-config="true" duration-ms="2395" started-at="2020-01-10T02:36:32 IST" finished-at="2020-01-10T02:36:34 IST">
          <params>
            <param index="0">
              <value>
                <![CDATA[[TestResult name=testValidLogin status=SUCCESS method=LoginPageTest.testValidLogin(java.lang.String, java.lang.String)[pri:1, instance:scripts.LoginPageTest@1786dec2] output={null}]]]>
              </value>
            </param>
          </params>
          <reporter-output>
          </reporter-output>
        </test-method> <!-- closeTheBrowser -->
        <test-method status="PASS" signature="openTheBrowser(java.lang.String)[pri:0, instance:scripts.LoginPageTest@1786dec2]" name="openTheBrowser" is-config="true" duration-ms="11247" started-at="2020-01-10T02:36:34 IST" finished-at="2020-01-10T02:36:45 IST">
          <params>
            <param index="0">
              <value>
                <![CDATA[chrome]]>
              </value>
            </param>
          </params>
          <reporter-output>
          </reporter-output>
        </test-method> <!-- openTheBrowser -->
        <test-method status="PASS" signature="testInvalidLogin(java.lang.String, java.lang.String)[pri:2, instance:scripts.LoginPageTest@1786dec2]" name="testInvalidLogin" duration-ms="3422" started-at="2020-01-10T02:36:45 IST" data-provider="getDataFromInvalidLogin" finished-at="2020-01-10T02:36:49 IST">
          <params>
            <param index="0">
              <value>
                <![CDATA[admin]]>
              </value>
            </param>
            <param index="1">
              <value>
                <![CDATA[manager1]]>
              </value>
            </param>
          </params>
          <reporter-output>
          </reporter-output>
        </test-method> <!-- testInvalidLogin -->
        <test-method status="PASS" signature="closeTheBrowser(org.testng.ITestResult)[pri:0, instance:scripts.LoginPageTest@1786dec2]" name="closeTheBrowser" is-config="true" duration-ms="152" started-at="2020-01-10T02:36:49 IST" finished-at="2020-01-10T02:36:49 IST">
          <params>
            <param index="0">
              <value>
                <![CDATA[[TestResult name=testInvalidLogin status=SUCCESS method=LoginPageTest.testInvalidLogin(java.lang.String, java.lang.String)[pri:2, instance:scripts.LoginPageTest@1786dec2] output={null}]]]>
              </value>
            </param>
          </params>
          <reporter-output>
          </reporter-output>
        </test-method> <!-- closeTheBrowser -->
        <test-method status="PASS" signature="openTheBrowser(java.lang.String)[pri:0, instance:scripts.LoginPageTest@1786dec2]" name="openTheBrowser" is-config="true" duration-ms="15584" started-at="2020-01-10T02:36:49 IST" finished-at="2020-01-10T02:37:04 IST">
          <params>
            <param index="0">
              <value>
                <![CDATA[chrome]]>
              </value>
            </param>
          </params>
          <reporter-output>
          </reporter-output>
        </test-method> <!-- openTheBrowser -->
        <test-method status="PASS" signature="testInvalidLogin(java.lang.String, java.lang.String)[pri:2, instance:scripts.LoginPageTest@1786dec2]" name="testInvalidLogin" duration-ms="2782" started-at="2020-01-10T02:37:04 IST" data-provider="getDataFromInvalidLogin" finished-at="2020-01-10T02:37:07 IST">
          <params>
            <param index="0">
              <value>
                <![CDATA[admin1]]>
              </value>
            </param>
            <param index="1">
              <value>
                <![CDATA[manager]]>
              </value>
            </param>
          </params>
          <reporter-output>
          </reporter-output>
        </test-method> <!-- testInvalidLogin -->
        <test-method status="PASS" signature="closeTheBrowser(org.testng.ITestResult)[pri:0, instance:scripts.LoginPageTest@1786dec2]" name="closeTheBrowser" is-config="true" duration-ms="185" started-at="2020-01-10T02:37:07 IST" finished-at="2020-01-10T02:37:07 IST">
          <params>
            <param index="0">
              <value>
                <![CDATA[[TestResult name=testInvalidLogin status=SUCCESS method=LoginPageTest.testInvalidLogin(java.lang.String, java.lang.String)[pri:2, instance:scripts.LoginPageTest@1786dec2] output={null}]]]>
              </value>
            </param>
          </params>
          <reporter-output>
          </reporter-output>
        </test-method> <!-- closeTheBrowser -->
        <test-method status="PASS" signature="openTheBrowser(java.lang.String)[pri:0, instance:scripts.LoginPageTest@1786dec2]" name="openTheBrowser" is-config="true" duration-ms="12635" started-at="2020-01-10T02:37:07 IST" finished-at="2020-01-10T02:37:20 IST">
          <params>
            <param index="0">
              <value>
                <![CDATA[chrome]]>
              </value>
            </param>
          </params>
          <reporter-output>
          </reporter-output>
        </test-method> <!-- openTheBrowser -->
        <test-method status="PASS" signature="testInvalidLogin(java.lang.String, java.lang.String)[pri:2, instance:scripts.LoginPageTest@1786dec2]" name="testInvalidLogin" duration-ms="2346" started-at="2020-01-10T02:37:20 IST" data-provider="getDataFromInvalidLogin" finished-at="2020-01-10T02:37:22 IST">
          <params>
            <param index="0">
              <value>
                <![CDATA[abcd123]]>
              </value>
            </param>
            <param index="1">
              <value>
                <![CDATA[123abc]]>
              </value>
            </param>
          </params>
          <reporter-output>
          </reporter-output>
        </test-method> <!-- testInvalidLogin -->
        <test-method status="PASS" signature="closeTheBrowser(org.testng.ITestResult)[pri:0, instance:scripts.LoginPageTest@1786dec2]" name="closeTheBrowser" is-config="true" duration-ms="319" started-at="2020-01-10T02:37:22 IST" finished-at="2020-01-10T02:37:23 IST">
          <params>
            <param index="0">
              <value>
                <![CDATA[[TestResult name=testInvalidLogin status=SUCCESS method=LoginPageTest.testInvalidLogin(java.lang.String, java.lang.String)[pri:2, instance:scripts.LoginPageTest@1786dec2] output={null}]]]>
              </value>
            </param>
          </params>
          <reporter-output>
          </reporter-output>
        </test-method> <!-- closeTheBrowser -->
      </class> <!-- scripts.LoginPageTest -->
    </test> <!-- Test -->
  </suite> <!-- Suite -->
</testng-results>
