<?xml version="1.0" encoding="UTF-8"?>
<!-- Generated by org.testng.reporters.JUnitXMLReporter -->
<testsuite hostname="DESKTOP-20B3NA9" ignored="0" name="Test" tests="4" failures="0" timestamp="2020-01-10T02:37:23 IST" time="67.169" errors="0">
  <testcase name="testValidLogin" time="0.463" classname="scripts.LoginPageTest"/>
  <testcase name="testInvalidLogin" time="3.422" classname="scripts.LoginPageTest"/>
  <testcase name="testInvalidLogin" time="2.782" classname="scripts.LoginPageTest"/>
  <testcase name="testInvalidLogin" time="2.346" classname="scripts.LoginPageTest"/>
</testsuite> <!-- Test -->
